{"numFailedTestSuites":0,"numFailedTests":0,"numPassedTestSuites":4,"numPassedTests":16,"numPendingTestSuites":0,"numPendingTests":0,"numRuntimeErrorTestSuites":0,"numTodoTests":0,"numTotalTestSuites":4,"numTotalTests":16,"openHandles":[],"snapshot":{"added":0,"didUpdate":false,"failure":false,"filesAdded":0,"filesRemoved":0,"filesRemovedList":[],"filesUnmatched":0,"filesUpdated":0,"matched":0,"total":0,"unchecked":0,"uncheckedKeysByFile":[],"unmatched":0,"updated":0},"startTime":1761635184876,"success":true,"testResults":[{"assertionResults":[{"ancestorTitles":["Collaborator API"],"duration":72,"failing":false,"failureDetails":[],"failureMessages":[],"fullName":"Collaborator API should add a collaborator to a worklog","invocations":1,"location":null,"numPassingAsserts":3,"retryReasons":[],"startAt":1761635188121,"status":"passed","title":"should add a collaborator to a worklog"},{"ancestorTitles":["Collaborator API"],"duration":55,"failing":false,"failureDetails":[],"failureMessages":[],"fullName":"Collaborator API should get all collaborators of a worklog","invocations":1,"location":null,"numPassingAsserts":3,"retryReasons":[],"startAt":1761635188196,"status":"passed","title":"should get all collaborators of a worklog"},{"ancestorTitles":["Collaborator API"],"duration":18,"failing":false,"failureDetails":[],"failureMessages":[],"fullName":"Collaborator API should remove a collaborator from a worklog","invocations":1,"location":null,"numPassingAsserts":2,"retryReasons":[],"startAt":1761635188253,"status":"passed","title":"should remove a collaborator from a worklog"}],"endTime":1761635188326,"message":"","name":"D:\\KADA batch 2\\capstone\\nebwork\\backend\\src\\test\\collaborator.test.js","startTime":1761635184972,"status":"passed","summary":""},{"assertionResults":[{"ancestorTitles":["POST /api/admin/employees"],"duration":351,"failing":false,"failureDetails":[],"failureMessages":[],"fullName":"POST /api/admin/employees should add a new employee","invocations":1,"location":null,"numPassingAsserts":2,"retryReasons":[],"startAt":1761635189455,"status":"passed","title":"should add a new employee"},{"ancestorTitles":["GET /api/admin/employees"],"duration":206,"failing":false,"failureDetails":[],"failureMessages":[],"fullName":"GET /api/admin/employees should get the list of employees","invocations":1,"location":null,"numPassingAsserts":3,"retryReasons":[],"startAt":1761635189807,"status":"passed","title":"should get the list of employees"},{"ancestorTitles":["PUT /api/admin/employees/:id"],"duration":327,"failing":false,"failureDetails":[],"failureMessages":[],"fullName":"PUT /api/admin/employees/:id should edit an existing employee","invocations":1,"location":null,"numPassingAsserts":6,"retryReasons":[],"startAt":1761635190015,"status":"passed","title":"should edit an existing employee"},{"ancestorTitles":["DELETE /api/admin/employees/:id"],"duration":477,"failing":false,"failureDetails":[],"failureMessages":[],"fullName":"DELETE /api/admin/employees/:id should delete an existing employee","invocations":1,"location":null,"numPassingAsserts":2,"retryReasons":[],"startAt":1761635190344,"status":"passed","title":"should delete an existing employee"},{"ancestorTitles":["POST /api/auth/login"],"duration":465,"failing":false,"failureDetails":[],"failureMessages":[],"fullName":"POST /api/auth/login should login an user","invocations":1,"location":null,"numPassingAsserts":3,"retryReasons":[],"startAt":1761635190822,"status":"passed","title":"should login an user"},{"ancestorTitles":["POST /api/auth/forgot-password"],"duration":858,"failing":false,"failureDetails":[],"failureMessages":[],"fullName":"POST /api/auth/forgot-password should initiate forgot password process","invocations":1,"location":null,"numPassingAsserts":2,"retryReasons":[],"startAt":1761635191289,"status":"passed","title":"should initiate forgot password process"},{"ancestorTitles":["POST /api/auth/logout"],"duration":8,"failing":false,"failureDetails":[],"failureMessages":[],"fullName":"POST /api/auth/logout should logout an user","invocations":1,"location":null,"numPassingAsserts":2,"retryReasons":[],"startAt":1761635192149,"status":"passed","title":"should logout an user"}],"endTime":1761635192232,"message":"","name":"D:\\KADA batch 2\\capstone\\nebwork\\backend\\src\\test\\auth.test.js","startTime":1761635188350,"status":"passed","summary":""},{"assertionResults":[{"ancestorTitles":["WorkLog Versions API"],"duration":52,"failing":false,"failureDetails":[],"failureMessages":[],"fullName":"WorkLog Versions API should add a new version (log history) to a worklog","invocations":1,"location":null,"numPassingAsserts":4,"retryReasons":[],"startAt":1761635194100,"status":"passed","title":"should add a new version (log history) to a worklog"},{"ancestorTitles":["WorkLog Versions API"],"duration":53,"failing":false,"failureDetails":[],"failureMessages":[],"fullName":"WorkLog Versions API should get all versions (log history) for a worklog","invocations":1,"location":null,"numPassingAsserts":4,"retryReasons":[],"startAt":1761635194154,"status":"passed","title":"should get all versions (log history) for a worklog"}],"endTime":1761635194259,"message":"","name":"D:\\KADA batch 2\\capstone\\nebwork\\backend\\src\\test\\version.test.js","startTime":1761635192264,"status":"passed","summary":""},{"assertionResults":[{"ancestorTitles":["WorkLog API"],"duration":23,"failing":false,"failureDetails":[],"failureMessages":[],"fullName":"WorkLog API should create a new worklog","invocations":1,"location":null,"numPassingAsserts":3,"retryReasons":[],"startAt":1761635196071,"status":"passed","title":"should create a new worklog"},{"ancestorTitles":["WorkLog API"],"duration":41,"failing":false,"failureDetails":[],"failureMessages":[],"fullName":"WorkLog API should get all worklogs","invocations":1,"location":null,"numPassingAsserts":3,"retryReasons":[],"startAt":1761635196095,"status":"passed","title":"should get all worklogs"},{"ancestorTitles":["WorkLog API"],"duration":25,"failing":false,"failureDetails":[],"failureMessages":[],"fullName":"WorkLog API should edit a worklog","invocations":1,"location":null,"numPassingAsserts":2,"retryReasons":[],"startAt":1761635196138,"status":"passed","title":"should edit a worklog"},{"ancestorTitles":["WorkLog API"],"duration":21,"failing":false,"failureDetails":[],"failureMessages":[],"fullName":"WorkLog API should delete a worklog","invocations":1,"location":null,"numPassingAsserts":2,"retryReasons":[],"startAt":1761635196164,"status":"passed","title":"should delete a worklog"}],"endTime":1761635196238,"message":"","name":"D:\\KADA batch 2\\capstone\\nebwork\\backend\\src\\test\\worklog.test.js","startTime":1761635194271,"status":"passed","summary":""}],"wasInterrupted":false}
