{"numFailedTestSuites":1,"numFailedTests":3,"numPassedTestSuites":0,"numPassedTests":21,"numPendingTestSuites":0,"numPendingTests":0,"numRuntimeErrorTestSuites":0,"numTodoTests":0,"numTotalTestSuites":1,"numTotalTests":24,"openHandles":[],"snapshot":{"added":0,"didUpdate":false,"failure":false,"filesAdded":0,"filesRemoved":0,"filesRemovedList":[],"filesUnmatched":0,"filesUpdated":0,"matched":0,"total":0,"unchecked":0,"uncheckedKeysByFile":[],"unmatched":0,"updated":0},"startTime":1762746031035,"success":false,"testResults":[{"assertionResults":[{"ancestorTitles":["WebSocket/Hocuspocus Removal Verification","Configuration Files"],"duration":9,"failing":false,"failureDetails":[],"failureMessages":[],"fullName":"WebSocket/Hocuspocus Removal Verification Configuration Files websocket.js config file should not exist","invocations":1,"location":null,"numPassingAsserts":1,"retryReasons":[],"startAt":1762746034653,"status":"passed","title":"websocket.js config file should not exist"},{"ancestorTitles":["WebSocket/Hocuspocus Removal Verification","Package Dependencies"],"duration":4,"failing":false,"failureDetails":[],"failureMessages":[],"fullName":"WebSocket/Hocuspocus Removal Verification Package Dependencies package.json should not contain Hocuspocus dependencies","invocations":1,"location":null,"numPassingAsserts":3,"retryReasons":[],"startAt":1762746034667,"status":"passed","title":"package.json should not contain Hocuspocus dependencies"},{"ancestorTitles":["WebSocket/Hocuspocus Removal Verification","Main Server File (index.js)"],"duration":3,"failing":false,"failureDetails":[],"failureMessages":[],"fullName":"WebSocket/Hocuspocus Removal Verification Main Server File (index.js) index.js should not import websocket config","invocations":1,"location":null,"numPassingAsserts":4,"retryReasons":[],"startAt":1762746034673,"status":"passed","title":"index.js should not import websocket config"},{"ancestorTitles":["WebSocket/Hocuspocus Removal Verification","Main Server File (index.js)"],"duration":4,"failing":false,"failureDetails":[],"failureMessages":[],"fullName":"WebSocket/Hocuspocus Removal Verification Main Server File (index.js) index.js should not have WebSocket server setup","invocations":1,"location":null,"numPassingAsserts":3,"retryReasons":[],"startAt":1762746034677,"status":"passed","title":"index.js should not have WebSocket server setup"},{"ancestorTitles":["WebSocket/Hocuspocus Removal Verification","WorkLog Model"],"duration":2,"failing":false,"failureDetails":[],"failureMessages":[],"fullName":"WebSocket/Hocuspocus Removal Verification WorkLog Model WorkLog model should not have yjsState field","invocations":1,"location":null,"numPassingAsserts":1,"retryReasons":[],"startAt":1762746034683,"status":"passed","title":"WorkLog model should not have yjsState field"},{"ancestorTitles":["WebSocket/Hocuspocus Removal Verification","WorkLog Model"],"duration":1,"failing":false,"failureDetails":[],"failureMessages":[],"fullName":"WebSocket/Hocuspocus Removal Verification WorkLog Model WorkLog model should not have activeUsers field","invocations":1,"location":null,"numPassingAsserts":1,"retryReasons":[],"startAt":1762746034687,"status":"passed","title":"WorkLog model should not have activeUsers field"},{"ancestorTitles":["WebSocket/Hocuspocus Removal Verification","WorkLog Model"],"duration":3,"failing":false,"failureDetails":[],"failureMessages":[],"fullName":"WebSocket/Hocuspocus Removal Verification WorkLog Model WorkLog model file should not contain collaboration references","invocations":1,"location":null,"numPassingAsserts":4,"retryReasons":[],"startAt":1762746034689,"status":"passed","title":"WorkLog model file should not contain collaboration references"},{"ancestorTitles":["WebSocket/Hocuspocus Removal Verification","WorkLog Controller"],"duration":965,"failing":false,"failureDetails":[],"failureMessages":[],"fullName":"WebSocket/Hocuspocus Removal Verification WorkLog Controller workLogController should not export getCollaborationStatus","invocations":1,"location":null,"numPassingAsserts":1,"retryReasons":[],"startAt":1762746034694,"status":"passed","title":"workLogController should not export getCollaborationStatus"},{"ancestorTitles":["WebSocket/Hocuspocus Removal Verification","WorkLog Controller"],"duration":3,"failing":false,"failureDetails":[],"failureMessages":[],"fullName":"WebSocket/Hocuspocus Removal Verification WorkLog Controller workLogController file should not contain collaboration status code","invocations":1,"location":null,"numPassingAsserts":3,"retryReasons":[],"startAt":1762746035661,"status":"passed","title":"workLogController file should not contain collaboration status code"},{"ancestorTitles":["WebSocket/Hocuspocus Removal Verification","WorkLog Routes"],"duration":4,"failing":false,"failureDetails":[],"failureMessages":[],"fullName":"WebSocket/Hocuspocus Removal Verification WorkLog Routes workLogRoutes should not have collaboration status endpoint","invocations":1,"location":null,"numPassingAsserts":3,"retryReasons":[],"startAt":1762746035667,"status":"passed","title":"workLogRoutes should not have collaboration status endpoint"},{"ancestorTitles":["WebSocket/Hocuspocus Removal Verification","WorkLog Routes"],"duration":2,"failing":false,"failureDetails":[],"failureMessages":[],"fullName":"WebSocket/Hocuspocus Removal Verification WorkLog Routes workLogRoutes should not import getCollaborationStatus","invocations":1,"location":null,"numPassingAsserts":2,"retryReasons":[],"startAt":1762746035673,"status":"passed","title":"workLogRoutes should not import getCollaborationStatus"},{"ancestorTitles":["WebSocket/Hocuspocus Removal Verification","Documentation Files"],"duration":3,"failing":false,"failureDetails":[],"failureMessages":[],"fullName":"WebSocket/Hocuspocus Removal Verification Documentation Files BACKEND_DOCUMENTATION.md should not contain WebSocket references","invocations":1,"location":null,"numPassingAsserts":5,"retryReasons":[],"startAt":1762746035676,"status":"passed","title":"BACKEND_DOCUMENTATION.md should not contain WebSocket references"},{"ancestorTitles":["WebSocket/Hocuspocus Removal Verification","Documentation Files"],"duration":5,"failing":false,"failureDetails":[],"failureMessages":[],"fullName":"WebSocket/Hocuspocus Removal Verification Documentation Files BACKEND_DOCUMENTATION.md should not have Real-time Collaboration section","invocations":1,"location":null,"numPassingAsserts":2,"retryReasons":[],"startAt":1762746035680,"status":"passed","title":"BACKEND_DOCUMENTATION.md should not have Real-time Collaboration section"},{"ancestorTitles":["WebSocket/Hocuspocus Removal Verification","Documentation Files"],"duration":3,"failing":false,"failureDetails":[],"failureMessages":[],"fullName":"WebSocket/Hocuspocus Removal Verification Documentation Files copilot-instructions.md should not mention collaboration platform","invocations":1,"location":null,"numPassingAsserts":1,"retryReasons":[],"startAt":1762746035687,"status":"passed","title":"copilot-instructions.md should not mention collaboration platform"},{"ancestorTitles":["WebSocket/Hocuspocus Removal Verification","Codebase-wide Search"],"duration":39,"failing":false,"failureDetails":[],"failureMessages":[],"fullName":"WebSocket/Hocuspocus Removal Verification Codebase-wide Search no files should contain Hocuspocus imports","invocations":1,"location":null,"numPassingAsserts":1,"retryReasons":[],"startAt":1762746035692,"status":"passed","title":"no files should contain Hocuspocus imports"},{"ancestorTitles":["WebSocket/Hocuspocus Removal Verification","Codebase-wide Search"],"duration":34,"failing":false,"failureDetails":[],"failureMessages":[],"fullName":"WebSocket/Hocuspocus Removal Verification Codebase-wide Search no files should contain setupHocuspocus or destroyHocuspocus calls","invocations":1,"location":null,"numPassingAsserts":1,"retryReasons":[],"startAt":1762746035737,"status":"passed","title":"no files should contain setupHocuspocus or destroyHocuspocus calls"},{"ancestorTitles":["WebSocket/Hocuspocus Removal Verification","Codebase-wide Search"],"duration":23,"failing":false,"failureDetails":[],"failureMessages":[],"fullName":"WebSocket/Hocuspocus Removal Verification Codebase-wide Search no files should reference yjsState field","invocations":1,"location":null,"numPassingAsserts":1,"retryReasons":[],"startAt":1762746035772,"status":"passed","title":"no files should reference yjsState field"},{"ancestorTitles":["WebSocket/Hocuspocus Removal Verification","Codebase-wide Search"],"duration":33,"failing":false,"failureDetails":[],"failureMessages":[],"fullName":"WebSocket/Hocuspocus Removal Verification Codebase-wide Search no files should reference activeUsers collaboration field","invocations":1,"location":null,"numPassingAsserts":1,"retryReasons":[],"startAt":1762746035797,"status":"passed","title":"no files should reference activeUsers collaboration field"},{"ancestorTitles":["WebSocket/Hocuspocus Removal Verification","Codebase-wide Search"],"duration":8,"failing":false,"failureDetails":[],"failureMessages":[],"fullName":"WebSocket/Hocuspocus Removal Verification Codebase-wide Search no route should handle /collaboration/status endpoint","invocations":1,"location":null,"numPassingAsserts":1,"retryReasons":[],"startAt":1762746035831,"status":"passed","title":"no route should handle /collaboration/status endpoint"},{"ancestorTitles":["WebSocket/Hocuspocus Removal Verification","App Configuration"],"duration":2,"failing":false,"failureDetails":[],"failureMessages":[],"fullName":"WebSocket/Hocuspocus Removal Verification App Configuration app.js should not have WebSocket upgrade handlers","invocations":1,"location":null,"numPassingAsserts":3,"retryReasons":[],"startAt":1762746035841,"status":"passed","title":"app.js should not have WebSocket upgrade handlers"},{"ancestorTitles":["WebSocket/Hocuspocus Removal Verification","Environment Variables"],"duration":3,"failing":false,"failureDetails":[],"failureMessages":[],"fullName":"WebSocket/Hocuspocus Removal Verification Environment Variables no required WebSocket-related environment variables in code","invocations":1,"location":null,"numPassingAsserts":3,"retryReasons":[],"startAt":1762746035845,"status":"passed","title":"no required WebSocket-related environment variables in code"},{"ancestorTitles":["Remaining Functionality Verification"],"duration":1,"failing":false,"failureDetails":[{"message":"thrown: \"Exceeded timeout of 20000 ms for a hook.\nAdd a timeout value to this test to increase the timeout, if this is a long-running test. See https://jestjs.io/docs/api#testname-fn-timeout.\""}],"failureMessages":["Error: thrown: \"Exceeded timeout of 20000 ms for a hook.\nAdd a timeout value to this test to increase the timeout, if this is a long-running test. See https://jestjs.io/docs/api#testname-fn-timeout.\"\n    at beforeAll (C:\\projects\\kada\\hackathon\\backend\\src\\test\\no-websocket.test.js:304:3)\n    at _dispatchDescribe (C:\\projects\\kada\\hackathon\\backend\\node_modules\\jest-circus\\build\\jestAdapterInit.js:604:26)\n    at describe (C:\\projects\\kada\\hackathon\\backend\\node_modules\\jest-circus\\build\\jestAdapterInit.js:572:44)\n    at Object.describe (C:\\projects\\kada\\hackathon\\backend\\src\\test\\no-websocket.test.js:300:1)\n    at Runtime._execModule (C:\\projects\\kada\\hackathon\\backend\\node_modules\\jest-runtime\\build\\index.js:1268:24)\n    at Runtime._loadModule (C:\\projects\\kada\\hackathon\\backend\\node_modules\\jest-runtime\\build\\index.js:944:12)\n    at Runtime.requireModule (C:\\projects\\kada\\hackathon\\backend\\node_modules\\jest-runtime\\build\\index.js:832:12)\n    at jestAdapter (C:\\projects\\kada\\hackathon\\backend\\node_modules\\jest-circus\\build\\runner.js:95:13)\n    at runTestInternal (C:\\projects\\kada\\hackathon\\backend\\node_modules\\jest-runner\\build\\index.js:275:16)\n    at runTest (C:\\projects\\kada\\hackathon\\backend\\node_modules\\jest-runner\\build\\index.js:343:7)"],"fullName":"Remaining Functionality Verification WorkLog model should still have essential fields","invocations":1,"location":null,"numPassingAsserts":0,"retryReasons":[],"startAt":1762746055856,"status":"failed","title":"WorkLog model should still have essential fields"},{"ancestorTitles":["Remaining Functionality Verification"],"duration":1,"failing":false,"failureDetails":[{"message":"thrown: \"Exceeded timeout of 20000 ms for a hook.\nAdd a timeout value to this test to increase the timeout, if this is a long-running test. See https://jestjs.io/docs/api#testname-fn-timeout.\""}],"failureMessages":["Error: thrown: \"Exceeded timeout of 20000 ms for a hook.\nAdd a timeout value to this test to increase the timeout, if this is a long-running test. See https://jestjs.io/docs/api#testname-fn-timeout.\"\n    at beforeAll (C:\\projects\\kada\\hackathon\\backend\\src\\test\\no-websocket.test.js:304:3)\n    at _dispatchDescribe (C:\\projects\\kada\\hackathon\\backend\\node_modules\\jest-circus\\build\\jestAdapterInit.js:604:26)\n    at describe (C:\\projects\\kada\\hackathon\\backend\\node_modules\\jest-circus\\build\\jestAdapterInit.js:572:44)\n    at Object.describe (C:\\projects\\kada\\hackathon\\backend\\src\\test\\no-websocket.test.js:300:1)\n    at Runtime._execModule (C:\\projects\\kada\\hackathon\\backend\\node_modules\\jest-runtime\\build\\index.js:1268:24)\n    at Runtime._loadModule (C:\\projects\\kada\\hackathon\\backend\\node_modules\\jest-runtime\\build\\index.js:944:12)\n    at Runtime.requireModule (C:\\projects\\kada\\hackathon\\backend\\node_modules\\jest-runtime\\build\\index.js:832:12)\n    at jestAdapter (C:\\projects\\kada\\hackathon\\backend\\node_modules\\jest-circus\\build\\runner.js:95:13)\n    at runTestInternal (C:\\projects\\kada\\hackathon\\backend\\node_modules\\jest-runner\\build\\index.js:275:16)\n    at runTest (C:\\projects\\kada\\hackathon\\backend\\node_modules\\jest-runner\\build\\index.js:343:7)"],"fullName":"Remaining Functionality Verification WorkLog controller should still have essential CRUD operations","invocations":1,"location":null,"numPassingAsserts":0,"retryReasons":[],"startAt":1762746055894,"status":"failed","title":"WorkLog controller should still have essential CRUD operations"},{"ancestorTitles":["Remaining Functionality Verification"],"duration":0,"failing":false,"failureDetails":[{"message":"thrown: \"Exceeded timeout of 20000 ms for a hook.\nAdd a timeout value to this test to increase the timeout, if this is a long-running test. See https://jestjs.io/docs/api#testname-fn-timeout.\""}],"failureMessages":["Error: thrown: \"Exceeded timeout of 20000 ms for a hook.\nAdd a timeout value to this test to increase the timeout, if this is a long-running test. See https://jestjs.io/docs/api#testname-fn-timeout.\"\n    at beforeAll (C:\\projects\\kada\\hackathon\\backend\\src\\test\\no-websocket.test.js:304:3)\n    at _dispatchDescribe (C:\\projects\\kada\\hackathon\\backend\\node_modules\\jest-circus\\build\\jestAdapterInit.js:604:26)\n    at describe (C:\\projects\\kada\\hackathon\\backend\\node_modules\\jest-circus\\build\\jestAdapterInit.js:572:44)\n    at Object.describe (C:\\projects\\kada\\hackathon\\backend\\src\\test\\no-websocket.test.js:300:1)\n    at Runtime._execModule (C:\\projects\\kada\\hackathon\\backend\\node_modules\\jest-runtime\\build\\index.js:1268:24)\n    at Runtime._loadModule (C:\\projects\\kada\\hackathon\\backend\\node_modules\\jest-runtime\\build\\index.js:944:12)\n    at Runtime.requireModule (C:\\projects\\kada\\hackathon\\backend\\node_modules\\jest-runtime\\build\\index.js:832:12)\n    at jestAdapter (C:\\projects\\kada\\hackathon\\backend\\node_modules\\jest-circus\\build\\runner.js:95:13)\n    at runTestInternal (C:\\projects\\kada\\hackathon\\backend\\node_modules\\jest-runner\\build\\index.js:275:16)\n    at runTest (C:\\projects\\kada\\hackathon\\backend\\node_modules\\jest-runner\\build\\index.js:343:7)"],"fullName":"Remaining Functionality Verification collaborators field should still work for permissions","invocations":1,"location":null,"numPassingAsserts":0,"retryReasons":[],"startAt":1762746055897,"status":"failed","title":"collaborators field should still work for permissions"}],"endTime":1762746066028,"message":"\u001b[1m\u001b[31m  \u001b[1m● \u001b[22m\u001b[1mRemaining Functionality Verification › WorkLog model should still have essential fields\u001b[39m\u001b[22m\n\n    thrown: \"Exceeded timeout of 20000 ms for a hook.\n    Add a timeout value to this test to increase the timeout, if this is a long-running test. See https://jestjs.io/docs/api#testname-fn-timeout.\"\n\u001b[2m\u001b[22m\n\u001b[2m    \u001b[0m \u001b[90m 302 |\u001b[39m   \u001b[36mconst\u001b[39m mongoose \u001b[33m=\u001b[39m require(\u001b[32m'mongoose'\u001b[39m)\u001b[33m;\u001b[39m\u001b[22m\n\u001b[2m     \u001b[90m 303 |\u001b[39m\u001b[22m\n\u001b[2m    \u001b[31m\u001b[1m>\u001b[22m\u001b[2m\u001b[39m\u001b[90m 304 |\u001b[39m   beforeAll(\u001b[36masync\u001b[39m () \u001b[33m=>\u001b[39m {\u001b[22m\n\u001b[2m     \u001b[90m     |\u001b[39m   \u001b[31m\u001b[1m^\u001b[22m\u001b[2m\u001b[39m\u001b[22m\n\u001b[2m     \u001b[90m 305 |\u001b[39m     \u001b[90m// Connect to test database if not already connected\u001b[39m\u001b[22m\n\u001b[2m     \u001b[90m 306 |\u001b[39m     \u001b[36mif\u001b[39m (mongoose\u001b[33m.\u001b[39mconnection\u001b[33m.\u001b[39mreadyState \u001b[33m===\u001b[39m \u001b[35m0\u001b[39m) {\u001b[22m\n\u001b[2m     \u001b[90m 307 |\u001b[39m       \u001b[36mawait\u001b[39m mongoose\u001b[33m.\u001b[39mconnect(process\u001b[33m.\u001b[39menv\u001b[33m.\u001b[39m\u001b[33mMONGO_URI\u001b[39m \u001b[33m||\u001b[39m \u001b[32m'mongodb://localhost:27017/nebwork_test'\u001b[39m\u001b[33m,\u001b[39m {\u001b[0m\u001b[22m\n\u001b[2m\u001b[22m\n\u001b[2m      \u001b[2mat beforeAll (\u001b[22m\u001b[2m\u001b[0m\u001b[36msrc/test/no-websocket.test.js\u001b[39m\u001b[0m\u001b[2m:304:3)\u001b[22m\u001b[2m\u001b[22m\n\u001b[2m      \u001b[2mat Object.describe (\u001b[22m\u001b[2m\u001b[0m\u001b[36msrc/test/no-websocket.test.js\u001b[39m\u001b[0m\u001b[2m:300:1)\u001b[22m\u001b[2m\u001b[22m\n\n\u001b[1m\u001b[31m  \u001b[1m● \u001b[22m\u001b[1mRemaining Functionality Verification › WorkLog controller should still have essential CRUD operations\u001b[39m\u001b[22m\n\n    thrown: \"Exceeded timeout of 20000 ms for a hook.\n    Add a timeout value to this test to increase the timeout, if this is a long-running test. See https://jestjs.io/docs/api#testname-fn-timeout.\"\n\u001b[2m\u001b[22m\n\u001b[2m    \u001b[0m \u001b[90m 302 |\u001b[39m   \u001b[36mconst\u001b[39m mongoose \u001b[33m=\u001b[39m require(\u001b[32m'mongoose'\u001b[39m)\u001b[33m;\u001b[39m\u001b[22m\n\u001b[2m     \u001b[90m 303 |\u001b[39m\u001b[22m\n\u001b[2m    \u001b[31m\u001b[1m>\u001b[22m\u001b[2m\u001b[39m\u001b[90m 304 |\u001b[39m   beforeAll(\u001b[36masync\u001b[39m () \u001b[33m=>\u001b[39m {\u001b[22m\n\u001b[2m     \u001b[90m     |\u001b[39m   \u001b[31m\u001b[1m^\u001b[22m\u001b[2m\u001b[39m\u001b[22m\n\u001b[2m     \u001b[90m 305 |\u001b[39m     \u001b[90m// Connect to test database if not already connected\u001b[39m\u001b[22m\n\u001b[2m     \u001b[90m 306 |\u001b[39m     \u001b[36mif\u001b[39m (mongoose\u001b[33m.\u001b[39mconnection\u001b[33m.\u001b[39mreadyState \u001b[33m===\u001b[39m \u001b[35m0\u001b[39m) {\u001b[22m\n\u001b[2m     \u001b[90m 307 |\u001b[39m       \u001b[36mawait\u001b[39m mongoose\u001b[33m.\u001b[39mconnect(process\u001b[33m.\u001b[39menv\u001b[33m.\u001b[39m\u001b[33mMONGO_URI\u001b[39m \u001b[33m||\u001b[39m \u001b[32m'mongodb://localhost:27017/nebwork_test'\u001b[39m\u001b[33m,\u001b[39m {\u001b[0m\u001b[22m\n\u001b[2m\u001b[22m\n\u001b[2m      \u001b[2mat beforeAll (\u001b[22m\u001b[2m\u001b[0m\u001b[36msrc/test/no-websocket.test.js\u001b[39m\u001b[0m\u001b[2m:304:3)\u001b[22m\u001b[2m\u001b[22m\n\u001b[2m      \u001b[2mat Object.describe (\u001b[22m\u001b[2m\u001b[0m\u001b[36msrc/test/no-websocket.test.js\u001b[39m\u001b[0m\u001b[2m:300:1)\u001b[22m\u001b[2m\u001b[22m\n\n\u001b[1m\u001b[31m  \u001b[1m● \u001b[22m\u001b[1mRemaining Functionality Verification › collaborators field should still work for permissions\u001b[39m\u001b[22m\n\n    thrown: \"Exceeded timeout of 20000 ms for a hook.\n    Add a timeout value to this test to increase the timeout, if this is a long-running test. See https://jestjs.io/docs/api#testname-fn-timeout.\"\n\u001b[2m\u001b[22m\n\u001b[2m    \u001b[0m \u001b[90m 302 |\u001b[39m   \u001b[36mconst\u001b[39m mongoose \u001b[33m=\u001b[39m require(\u001b[32m'mongoose'\u001b[39m)\u001b[33m;\u001b[39m\u001b[22m\n\u001b[2m     \u001b[90m 303 |\u001b[39m\u001b[22m\n\u001b[2m    \u001b[31m\u001b[1m>\u001b[22m\u001b[2m\u001b[39m\u001b[90m 304 |\u001b[39m   beforeAll(\u001b[36masync\u001b[39m () \u001b[33m=>\u001b[39m {\u001b[22m\n\u001b[2m     \u001b[90m     |\u001b[39m   \u001b[31m\u001b[1m^\u001b[22m\u001b[2m\u001b[39m\u001b[22m\n\u001b[2m     \u001b[90m 305 |\u001b[39m     \u001b[90m// Connect to test database if not already connected\u001b[39m\u001b[22m\n\u001b[2m     \u001b[90m 306 |\u001b[39m     \u001b[36mif\u001b[39m (mongoose\u001b[33m.\u001b[39mconnection\u001b[33m.\u001b[39mreadyState \u001b[33m===\u001b[39m \u001b[35m0\u001b[39m) {\u001b[22m\n\u001b[2m     \u001b[90m 307 |\u001b[39m       \u001b[36mawait\u001b[39m mongoose\u001b[33m.\u001b[39mconnect(process\u001b[33m.\u001b[39menv\u001b[33m.\u001b[39m\u001b[33mMONGO_URI\u001b[39m \u001b[33m||\u001b[39m \u001b[32m'mongodb://localhost:27017/nebwork_test'\u001b[39m\u001b[33m,\u001b[39m {\u001b[0m\u001b[22m\n\u001b[2m\u001b[22m\n\u001b[2m      \u001b[2mat beforeAll (\u001b[22m\u001b[2m\u001b[0m\u001b[36msrc/test/no-websocket.test.js\u001b[39m\u001b[0m\u001b[2m:304:3)\u001b[22m\u001b[2m\u001b[22m\n\u001b[2m      \u001b[2mat Object.describe (\u001b[22m\u001b[2m\u001b[0m\u001b[36msrc/test/no-websocket.test.js\u001b[39m\u001b[0m\u001b[2m:300:1)\u001b[22m\u001b[2m\u001b[22m\n","name":"C:\\projects\\kada\\hackathon\\backend\\src\\test\\no-websocket.test.js","startTime":1762746031322,"status":"failed","summary":""}],"wasInterrupted":false}
